# JRE version: OpenJDK Runtime Environment JBR-11.0.8.10-944.34-jcef (11.0.8+10) (build 11.0.8+10-b944.34)
# Java VM: OpenJDK 64-Bit Server VM JBR-11.0.8.10-944.34-jcef (11.0.8+10-b944.34, mixed mode, tiered, compressed oops, g1 gc, windows-amd64)
Heap:
 garbage-first heap   total 121856K, used 94979K [0x0000000080000000, 0x0000000100000000)
  region size 1024K, 4 young (4096K), 2 survivors (2048K)
 Metaspace       used 102273K, capacity 104621K, committed 104752K, reserved 1140736K
  class space    used 13024K, capacity 13847K, committed 13952K, reserved 1048576K
GC Heap History (20 events):
Event: 185.295 GC heap before
{Heap before GC invocations=106 (full 0):
 garbage-first heap   total 121856K, used 103282K [0x0000000080000000, 0x0000000100000000)
  region size 1024K, 23 young (23552K), 2 survivors (2048K)
 Metaspace       used 93647K, capacity 95798K, committed 96048K, reserved 1132544K
  class space    used 11839K, capacity 12587K, committed 12672K, reserved 1048576K
}
Event: 185.310 GC heap after
{Heap after GC invocations=107 (full 0):
 garbage-first heap   total 121856K, used 83613K [0x0000000080000000, 0x0000000100000000)
  region size 1024K, 3 young (3072K), 3 survivors (3072K)
 Metaspace       used 93647K, capacity 95798K, committed 96048K, reserved 1132544K
  class space    used 11839K, capacity 12587K, committed 12672K, reserved 1048576K
}
Event: 186.760 GC heap before
{Heap before GC invocations=107 (full 0):
 garbage-first heap   total 121856K, used 103069K [0x0000000080000000, 0x0000000100000000)
  region size 1024K, 23 young (23552K), 3 survivors (3072K)
 Metaspace       used 94001K, capacity 96169K, committed 96304K, reserved 1132544K
  class space    used 11883K, capacity 12638K, committed 12672K, reserved 1048576K
}
Event: 186.773 GC heap after
{Heap after GC invocations=108 (full 0):
 garbage-first heap   total 121856K, used 84013K [0x0000000080000000, 0x0000000100000000)
  region size 1024K, 3 young (3072K), 3 survivors (3072K)
 Metaspace       used 94001K, capacity 96169K, committed 96304K, reserved 1132544K
  class space    used 11883K, capacity 12638K, committed 12672K, reserved 1048576K
}
Event: 187.787 GC heap before
{Heap before GC invocations=108 (full 0):
 garbage-first heap   total 121856K, used 103469K [0x0000000080000000, 0x0000000100000000)
  region size 1024K, 23 young (23552K), 3 survivors (3072K)
 Metaspace       used 95532K, capacity 97731K, committed 97840K, reserved 1134592K
  class space    used 12108K, capacity 12881K, committed 12928K, reserved 1048576K
}
Event: 187.804 GC heap after
{Heap after GC invocations=109 (full 0):
 garbage-first heap   total 121856K, used 86110K [0x0000000080000000, 0x0000000100000000)
  region size 1024K, 3 young (3072K), 3 survivors (3072K)
 Metaspace       used 95532K, capacity 97731K, committed 97840K, reserved 1134592K
  class space    used 12108K, capacity 12881K, committed 12928K, reserved 1048576K
}
Event: 188.612 GC heap before
{Heap before GC invocations=109 (full 0):
 garbage-first heap   total 121856K, used 101470K [0x0000000080000000, 0x0000000100000000)
  region size 1024K, 19 young (19456K), 3 survivors (3072K)
 Metaspace       used 96591K, capacity 98798K, committed 98992K, reserved 1134592K
  class space    used 12256K, capacity 13026K, committed 13056K, reserved 1048576K
}
Event: 188.627 GC heap after
{Heap after GC invocations=110 (full 0):
 garbage-first heap   total 121856K, used 85982K [0x0000000080000000, 0x0000000100000000)
  region size 1024K, 2 young (2048K), 2 survivors (2048K)
 Metaspace       used 96591K, capacity 98798K, committed 98992K, reserved 1134592K
  class space    used 12256K, capacity 13026K, committed 13056K, reserved 1048576K
}
Event: 189.779 GC heap before
{Heap before GC invocations=110 (full 0):
 garbage-first heap   total 121856K, used 103390K [0x0000000080000000, 0x0000000100000000)
  region size 1024K, 18 young (18432K), 2 survivors (2048K)
 Metaspace       used 97153K, capacity 99368K, committed 99632K, reserved 1136640K
  class space    used 12329K, capacity 13108K, committed 13184K, reserved 1048576K
}
Event: 189.797 GC heap after
{Heap after GC invocations=111 (full 0):
 garbage-first heap   total 121856K, used 87540K [0x0000000080000000, 0x0000000100000000)
  region size 1024K, 3 young (3072K), 3 survivors (3072K)
 Metaspace       used 97153K, capacity 99368K, committed 99632K, reserved 1136640K
  class space    used 12329K, capacity 13108K, committed 13184K, reserved 1048576K
}
Event: 190.340 GC heap before
{Heap before GC invocations=111 (full 0):
 garbage-first heap   total 121856K, used 101876K [0x0000000080000000, 0x0000000100000000)
  region size 1024K, 18 young (18432K), 3 survivors (3072K)
 Metaspace       used 97714K, capacity 100031K, committed 100144K, reserved 1136640K
  class space    used 12392K, capacity 13176K, committed 13184K, reserved 1048576K
}
Event: 190.374 GC heap after
{Heap after GC invocations=112 (full 0):
 garbage-first heap   total 121856K, used 90480K [0x0000000080000000, 0x0000000100000000)
  region size 1024K, 3 young (3072K), 3 survivors (3072K)
 Metaspace       used 97714K, capacity 100031K, committed 100144K, reserved 1136640K
  class space    used 12392K, capacity 13176K, committed 13184K, reserved 1048576K
}
Event: 191.731 GC heap before
{Heap before GC invocations=112 (full 0):
 garbage-first heap   total 121856K, used 102768K [0x0000000080000000, 0x0000000100000000)
  region size 1024K, 15 young (15360K), 3 survivors (3072K)
 Metaspace       used 98520K, capacity 100808K, committed 101040K, reserved 1136640K
  class space    used 12508K, capacity 13307K, committed 13312K, reserved 1048576K
}
Event: 191.746 GC heap after
{Heap after GC invocations=113 (full 0):
 garbage-first heap   total 121856K, used 92371K [0x0000000080000000, 0x0000000100000000)
  region size 1024K, 2 young (2048K), 2 survivors (2048K)
 Metaspace       used 98520K, capacity 100808K, committed 101040K, reserved 1136640K
  class space    used 12508K, capacity 13307K, committed 13312K, reserved 1048576K
}
Event: 192.476 GC heap before
{Heap before GC invocations=113 (full 0):
 garbage-first heap   total 121856K, used 102611K [0x0000000080000000, 0x0000000100000000)
  region size 1024K, 13 young (13312K), 2 survivors (2048K)
 Metaspace       used 100821K, capacity 103175K, committed 103216K, reserved 1138688K
  class space    used 12890K, capacity 13694K, committed 13696K, reserved 1048576K
}
Event: 192.495 GC heap after
{Heap after GC invocations=114 (full 0):
 garbage-first heap   total 121856K, used 92500K [0x0000000080000000, 0x0000000100000000)
  region size 1024K, 1 young (1024K), 1 survivors (1024K)
 Metaspace       used 100821K, capacity 103175K, committed 103216K, reserved 1138688K
  class space    used 12890K, capacity 13694K, committed 13696K, reserved 1048576K
}
Event: 193.420 GC heap before
{Heap before GC invocations=114 (full 0):
 garbage-first heap   total 121856K, used 103764K [0x0000000080000000, 0x0000000100000000)
  region size 1024K, 12 young (12288K), 1 survivors (1024K)
 Metaspace       used 101628K, capacity 103968K, committed 104112K, reserved 1140736K
  class space    used 12978K, capacity 13803K, committed 13824K, reserved 1048576K
}
Event: 193.430 GC heap after
{Heap after GC invocations=115 (full 0):
 garbage-first heap   total 121856K, used 92836K [0x0000000080000000, 0x0000000100000000)
  region size 1024K, 1 young (1024K), 1 survivors (1024K)
 Metaspace       used 101628K, capacity 103968K, committed 104112K, reserved 1140736K
  class space    used 12978K, capacity 13803K, committed 13824K, reserved 1048576K
}
Event: 193.950 GC heap before
{Heap before GC invocations=115 (full 0):
 garbage-first heap   total 121856K, used 104100K [0x0000000080000000, 0x0000000100000000)
  region size 1024K, 12 young (12288K), 1 survivors (1024K)
 Metaspace       used 101969K, capacity 104353K, committed 104496K, reserved 1140736K
  class space    used 13005K, capacity 13845K, committed 13952K, reserved 1048576K
}
Event: 193.963 GC heap after
{Heap after GC invocations=116 (full 0):
 garbage-first heap   total 121856K, used 93347K [0x0000000080000000, 0x0000000100000000)
  region size 1024K, 2 young (2048K), 2 survivors (2048K)
 Metaspace       used 101969K, capacity 104353K, committed 104496K, reserved 1140736K
  class space    used 13005K, capacity 13845K, committed 13952K, reserved 1048576K
}

